<?xml version="1.0" encoding="UTF-8"?>
<!-- Generated by org.testng.reporters.JUnitXMLReporter -->
<testsuite ignored="0" hostname="DESKTOP-FTTLF4B" failures="0" tests="4" name="Default test" time="9.899" errors="0" timestamp="2025-06-28T01:14:59 IST">
  <testcase classname="testngDay1.HRMTest" name="openurl" time="5.991"/>
  <testcase classname="testngDay1.HRMTest" name="testlogo" time="3.083"/>
  <testcase classname="testngDay1.HRMTest" name="testlogin" time="0.418"/>
  <testcase classname="testngDay1.HRMTest" name="testlogout" time="0.322"/>
</testsuite> <!-- Default test -->
