<?xml version="1.0" encoding="UTF-8"?>
<!-- Generated by org.testng.reporters.JUnitXMLReporter -->
<testsuite ignored="0" hostname="DESKTOP-FTTLF4B" failures="0" tests="3" name="ChromeTest" time="11.153" errors="0" timestamp="2025-06-30T01:14:50 IST">
  <testcase classname="testngDay4.ParallelTesting" name="testLogo" time="0.858"/>
  <testcase classname="testngDay4.ParallelTesting" name="testTitle" time="0.087"/>
  <testcase classname="testngDay4.ParallelTesting" name="testUrl" time="0.052"/>
</testsuite> <!-- ChromeTest -->
