<?xml version="1.0" encoding="UTF-8"?>
<!-- Generated by org.testng.reporters.JUnitXMLReporter -->
<testsuite ignored="0" hostname="DESKTOP-FTTLF4B" failures="1" tests="4" name="Test" time="9.266" errors="0" timestamp="2025-07-02T02:08:54 IST">
  <testcase classname="testngDay5.OrangeHRM" name="testLogo" time="0.082"/>
  <testcase classname="testngDay5.OrangeHRM" name="testTitle" time="0.016">
    <failure type="java.lang.AssertionError" message="expected [OrangeHRMM] but found [OrangeHRM]">
      <![CDATA[java.lang.AssertionError: expected [OrangeHRMM] but found [OrangeHRM]
at testngDay5.OrangeHRM.testTitle(OrangeHRM.java:49)
at java.base/java.util.ArrayList.forEach(ArrayList.java:1597)
... Removed 31 stack frames]]>
    </failure>
  </testcase> <!-- testTitle -->
  <testcase classname="testngDay5.OrangeHRM" name="testUrl" time="0.031"/>
  <testcase classname="testngDay5.OrangeHRM" name="loginText" time="0.0">
    <skipped/>
  </testcase> <!-- loginText -->
</testsuite> <!-- Test -->
