<?xml version="1.0" encoding="UTF-8"?>
<!-- Generated by org.testng.reporters.JUnitXMLReporter -->
<testsuite ignored="0" hostname="DESKTOP-FTTLF4B" failures="0" tests="3" name="Test" time="63.686" errors="0" timestamp="2025-06-30T00:58:11 IST">
  <testcase classname="testngDay4.ParallelTesting" name="testLogo" time="0.172"/>
  <testcase classname="testngDay4.ParallelTesting" name="testTitle" time="0.017"/>
  <testcase classname="testngDay4.ParallelTesting" name="testUrl" time="0.018"/>
</testsuite> <!-- Test -->
