<?xml version="1.0" encoding="UTF-8"?>
<testng-results ignored="0" total="7" passed="7" failed="0" skipped="0">
  <reporter-output>
  </reporter-output>
  <suite started-at="2025-06-28T01:22:15 IST" name="Suite" finished-at="2025-06-28T01:22:29 IST" duration-ms="13396">
    <groups>
    </groups>
    <test started-at="2025-06-28T01:22:15 IST" name="Test" finished-at="2025-06-28T01:22:29 IST" duration-ms="13396">
      <class name="testngDay1.HRMTest">
        <test-method signature="openurl()[pri:1, instance:testngDay1.HRMTest@55634720]" started-at="2025-06-28T01:22:15 IST" name="openurl" finished-at="2025-06-28T01:22:24 IST" duration-ms="9001" status="PASS">
          <reporter-output>
          </reporter-output>
        </test-method> <!-- openurl -->
        <test-method signature="testlogo()[pri:2, instance:testngDay1.HRMTest@55634720]" started-at="2025-06-28T01:22:24 IST" name="testlogo" finished-at="2025-06-28T01:22:28 IST" duration-ms="3136" status="PASS">
          <reporter-output>
          </reporter-output>
        </test-method> <!-- testlogo -->
        <test-method signature="testlogin()[pri:3, instance:testngDay1.HRMTest@55634720]" started-at="2025-06-28T01:22:28 IST" name="testlogin" finished-at="2025-06-28T01:22:28 IST" duration-ms="746" status="PASS">
          <reporter-output>
          </reporter-output>
        </test-method> <!-- testlogin -->
        <test-method signature="testlogout()[pri:4, instance:testngDay1.HRMTest@55634720]" started-at="2025-06-28T01:22:28 IST" name="testlogout" finished-at="2025-06-28T01:22:29 IST" duration-ms="384" status="PASS">
          <reporter-output>
          </reporter-output>
        </test-method> <!-- testlogout -->
      </class> <!-- testngDay1.HRMTest -->
      <class name="testngDay1.FirstTestCase">
        <test-method signature="openapp()[pri:1, instance:testngDay1.FirstTestCase@1ed6388a]" started-at="2025-06-28T01:22:29 IST" name="openapp" finished-at="2025-06-28T01:22:29 IST" duration-ms="3" status="PASS">
          <reporter-output>
          </reporter-output>
        </test-method> <!-- openapp -->
        <test-method signature="launchapp()[pri:2, instance:testngDay1.FirstTestCase@1ed6388a]" started-at="2025-06-28T01:22:29 IST" name="launchapp" finished-at="2025-06-28T01:22:29 IST" duration-ms="2" status="PASS">
          <reporter-output>
          </reporter-output>
        </test-method> <!-- launchapp -->
        <test-method signature="closeapp()[pri:3, instance:testngDay1.FirstTestCase@1ed6388a]" started-at="2025-06-28T01:22:29 IST" name="closeapp" finished-at="2025-06-28T01:22:29 IST" duration-ms="2" status="PASS">
          <reporter-output>
          </reporter-output>
        </test-method> <!-- closeapp -->
      </class> <!-- testngDay1.FirstTestCase -->
    </test> <!-- Test -->
  </suite> <!-- Suite -->
</testng-results>
