<?xml version="1.0" encoding="UTF-8"?>
<!-- Generated by org.testng.reporters.JUnitXMLReporter -->
<testsuite ignored="6" hostname="DESKTOP-FTTLF4B" failures="0" tests="2" name="Test Group" time="0.076" errors="0" timestamp="2025-06-29T18:43:16 IST">
  <testcase classname="testngDay3.LoginTestsGroups3" name="PaymentRupees" time="0.015"/>
  <testcase classname="testngDay3.LoginTestsGroups3" name="PaymentDollar" time="0.002"/>
  <testcase classname="testngDay3.LoginTestsGroups2" name="loginByFacebook" time="0.0">
    <ignored/>
  </testcase> <!-- loginByFacebook -->
  <testcase classname="testngDay3.LoginTestsGroups" name="SignUpByTwiter" time="0.0">
    <ignored/>
  </testcase> <!-- SignUpByTwiter -->
  <testcase classname="testngDay3.LoginTestsGroups" name="SignUpByFacebook" time="0.0">
    <ignored/>
  </testcase> <!-- SignUpByFacebook -->
  <testcase classname="testngDay3.LoginTestsGroups2" name="loginByEmial" time="0.0">
    <ignored/>
  </testcase> <!-- loginByEmial -->
  <testcase classname="testngDay3.LoginTestsGroups" name="SignUpEmail" time="0.0">
    <ignored/>
  </testcase> <!-- SignUpEmail -->
  <testcase classname="testngDay3.LoginTestsGroups2" name="loginByTwiter" time="0.0">
    <ignored/>
  </testcase> <!-- loginByTwiter -->
</testsuite> <!-- Test Group -->
